2025-09-15 18:42:04,776 - ERROR - Failed to initialize PaddleOCR: Unknown argument: use_gpu
2025-09-15 18:42:45,394 - ERROR - Failed to initialize PaddleOCR: Unknown argument: show_log
2025-09-15 19:54:27,756 - ERROR - Error in text extraction: PaddleOCR.predict() got an unexpected keyword argument 'cls'
2025-09-15 19:54:34,034 - ERROR - Error in text extraction: PaddleOCR.predict() got an unexpected keyword argument 'cls'
2025-09-15 19:54:34,034 - ERROR - Error processing marks card: PaddleOCR.predict() got an unexpected keyword argument 'cls'
2025-09-15 19:54:39,387 - ERROR - Error in text extraction: PaddleOCR.predict() got an unexpected keyword argument 'cls'
2025-09-15 19:54:39,411 - ERROR - Error processing marks card: PaddleOCR.predict() got an unexpected keyword argument 'cls'
2025-09-15 19:54:44,972 - ERROR - Error in text extraction: PaddleOCR.predict() got an unexpected keyword argument 'cls'
2025-09-15 19:54:44,972 - ERROR - Error processing marks card: PaddleOCR.predict() got an unexpected keyword argument 'cls'
2025-09-15 19:54:45,081 - ERROR - Error in text extraction: PaddleOCR.predict() got an unexpected keyword argument 'cls'
2025-09-15 19:54:45,081 - ERROR - Error processing marks card: PaddleOCR.predict() got an unexpected keyword argument 'cls'
2025-09-15 19:56:08,068 - ERROR - Error processing marks card: Image file not found: 1.png
2025-09-15 19:56:08,068 - ERROR - Application error: Image file not found: 1.png
2025-09-15 19:57:17,504 - ERROR - Error in text extraction: PaddleOCR.predict() got an unexpected keyword argument 'cls'
2025-09-15 19:57:17,504 - ERROR - Error processing marks card: PaddleOCR.predict() got an unexpected keyword argument 'cls'
2025-09-15 19:57:17,504 - ERROR - Application error: PaddleOCR.predict() got an unexpected keyword argument 'cls'
2025-09-15 22:25:13,028 - ERROR - Error in text extraction: PaddleOCR.predict() got an unexpected keyword argument 'cls'
2025-09-15 22:25:13,030 - ERROR - Error processing marks card: PaddleOCR.predict() got an unexpected keyword argument 'cls'
2025-09-15 22:25:13,030 - ERROR - Application error: PaddleOCR.predict() got an unexpected keyword argument 'cls'
2025-09-15 22:27:38,554 - ERROR - Error in text extraction: tuple index out of range
2025-09-15 22:27:38,554 - ERROR - Error processing marks card: tuple index out of range
2025-09-15 22:27:38,555 - ERROR - Application error: tuple index out of range
2025-09-15 22:28:57,315 - ERROR - Failed to initialize PaddleOCR: No available model hosting platforms detected. Please check your network connection.
2025-09-15 22:28:57,316 - ERROR - Application error: No available model hosting platforms detected. Please check your network connection.
2025-09-15 22:39:03,382 - WARNING - OCR method failed: tuple index out of range, trying fallback
2025-09-15 22:39:03,431 - ERROR - Error in text extraction: tuple index out of range
2025-09-15 22:39:03,432 - ERROR - Error processing marks card: tuple index out of range
2025-09-15 22:39:03,433 - ERROR - Application error: tuple index out of range
2025-09-15 22:40:53,246 - WARNING - OCR method failed: tuple index out of range, trying fallback
2025-09-15 22:40:53,294 - ERROR - Error in text extraction: tuple index out of range
2025-09-15 22:40:53,294 - ERROR - Error processing marks card: tuple index out of range
2025-09-15 22:40:53,295 - ERROR - Application error: tuple index out of range
2025-09-15 22:41:38,755 - WARNING - OCR method failed: tuple index out of range, trying fallback
2025-09-15 22:41:38,862 - ERROR - Error in text extraction: tuple index out of range
2025-09-15 22:41:38,862 - ERROR - Error processing marks card: tuple index out of range
2025-09-15 22:41:38,863 - ERROR - Application error: tuple index out of range
